<?xml version="1.0" encoding="UTF-8"?>
<!-- Generated by org.testng.reporters.JUnitReportReporter -->
<testsuite hostname="INBEN10205" failures="0" tests="2" name="qaclickacademy.AppiumTest" time="0.000" errors="0" timestamp="03 Jan 2022 11:06:48 GMT" skipped="0">
  <testcase classname="qaclickacademy.AppiumTest" name="IOSApps" time="0.000"/>
  <testcase classname="qaclickacademy.AppiumTest" name="NativeAPpAndroid" time="0.000"/>
</testsuite> <!-- qaclickacademy.AppiumTest -->
